Build started 11/12/2014 5:10:22 CH.
     1>Project "G:\Bai tap\Draw\Draw.vcxproj" on node 2 (Build target(s)).
     1>ClCompile:
         C:\Program Files (x86)\Microsoft Visual Studio 12.0\VC\bin\CL.exe /c /ZI /nologo /W3 /WX- /sdl /Od /Oy- /D _MBCS /Gm /EHsc /RTC1 /MDd /GS /fp:precise /Zc:wchar_t /Zc:forScope /Fo"Debug\\" /Fd"Debug\vc120.pdb" /Gd /TP /analyze- /errorReport:prompt Circle.cpp
         Circle.cpp
       Link:
         C:\Program Files (x86)\Microsoft Visual Studio 12.0\VC\bin\link.exe /ERRORREPORT:PROMPT /OUT:"G:\Bai tap\Debug\Draw.exe" /INCREMENTAL /NOLOGO kernel32.lib user32.lib gdi32.lib winspool.lib comdlg32.lib advapi32.lib shell32.lib ole32.lib oleaut32.lib uuid.lib odbc32.lib odbccp32.lib /MANIFEST /MANIFESTUAC:"level='asInvoker' uiAccess='false'" /manifest:embed /DEBUG /PDB:"G:\Bai tap\Debug\Draw.pdb" /TLBID:1 /DYNAMICBASE /NXCOMPAT /IMPLIB:"G:\Bai tap\Debug\Draw.lib" /MACHINE:X86 Debug\Circle.obj
         Debug\Ellipse.obj
         Debug\Geometry.obj
         Debug\main.obj
     1>Circle.obj : error LNK2019: unresolved external symbol _circle referenced in function "public: virtual void __thiscall Circle::draw(void)" (?draw@Circle@@UAEXXZ)
     1>Circle.obj : error LNK2019: unresolved external symbol _setbkcolor referenced in function "public: virtual void __thiscall Circle::draw(void)" (?draw@Circle@@UAEXXZ)
     1>Circle.obj : error LNK2019: unresolved external symbol _setcolor referenced in function "public: virtual void __thiscall Circle::draw(void)" (?draw@Circle@@UAEXXZ)
     1>Circle.obj : error LNK2019: unresolved external symbol _setfillstyle referenced in function "public: virtual void __thiscall Circle::draw(void)" (?draw@Circle@@UAEXXZ)
     1>Circle.obj : error LNK2019: unresolved external symbol _closegraph referenced in function "public: virtual void __thiscall Circle::draw(void)" (?draw@Circle@@UAEXXZ)
     1>Circle.obj : error LNK2019: unresolved external symbol _initgraph referenced in function "public: virtual void __thiscall Circle::draw(void)" (?draw@Circle@@UAEXXZ)
     1>G:\Bai tap\Debug\Draw.exe : fatal error LNK1120: 6 unresolved externals
     1>Done Building Project "G:\Bai tap\Draw\Draw.vcxproj" (Build target(s)) -- FAILED.

Build FAILED.

Time Elapsed 00:00:08.06
